<?xml version="1.0" encoding="UTF-8"?>
<testng-results ignored="0" total="1" passed="1" failed="0" skipped="0">
  <reporter-output>
    <line>
      <![CDATA[Successful Login operation]]>
    </line>
  </reporter-output>
  <suite started-at="2023-06-27T09:51:07 IST" name="Parameters" finished-at="2023-06-27T09:51:40 IST" duration-ms="32400">
    <groups>
    </groups>
    <test started-at="2023-06-27T09:51:07 IST" name="ParameterTest" finished-at="2023-06-27T09:51:40 IST" duration-ms="32400">
      <class name="com.parameters.ParameterTest">
        <test-method signature="yahoologinTest(java.lang.String,java.lang.String,java.lang.String,java.lang.String)[pri:0, instance:com.parameters.ParameterTest@778d1062]" started-at="2023-06-27T09:51:07 IST" name="yahoologinTest" finished-at="2023-06-27T09:51:40 IST" duration-ms="32338" status="PASS">
          <params>
            <param index="0">
              <value>
                <![CDATA[Admin]]>
              </value>
            </param>
            <param index="1">
              <value>
                <![CDATA[admin123]]>
              </value>
            </param>
            <param index="2">
              <value>
                <![CDATA[https://opensource-demo.orangehrmlive.com/web/index.php/auth/login]]>
              </value>
            </param>
            <param index="3">
              <value>
                <![CDATA[FIREFOX]]>
              </value>
            </param>
          </params>
          <reporter-output>
            <line>
              <![CDATA[Successful Login operation]]>
            </line>
          </reporter-output>
        </test-method> <!-- yahoologinTest -->
      </class> <!-- com.parameters.ParameterTest -->
    </test> <!-- ParameterTest -->
  </suite> <!-- Parameters -->
</testng-results>
